[Sat Dec 27 23:27:20 BDT 2025][INFO] ==================== COMPILE TASK ====================
[Sat Dec 27 23:27:22 BDT 2025][INFO] We will now compile your code for x86_64-microsoft-windows. This may take some time.
[Sat Dec 27 23:27:22 BDT 2025][FINE] Extracting native libs to: D:\code\javafx\windows\demowinfx\target\gluonfx\x86_64-windows\gvm\lib
[Sat Dec 27 23:27:22 BDT 2025][FINE] Extracting native libs from jar: C:\Users\User\.m2\repository\com\gluonhq\charm-glisten\6.2.3\charm-glisten-6.2.3.jar
[Sat Dec 27 23:27:22 BDT 2025][FINE] Extracting native libs from jar: C:\Users\User\.m2\repository\com\gluonhq\attach\display\4.0.24-SNAPSHOT\display-4.0.24-SNAPSHOT-desktop.jar
[Sat Dec 27 23:27:22 BDT 2025][FINE] Extracting native libs from jar: C:\Users\User\.m2\repository\com\gluonhq\attach\display\4.0.24-SNAPSHOT\display-4.0.24-SNAPSHOT.jar
[Sat Dec 27 23:27:22 BDT 2025][FINE] Extracting native libs from jar: C:\Users\User\.m2\repository\com\gluonhq\attach\lifecycle\4.0.24-SNAPSHOT\lifecycle-4.0.24-SNAPSHOT-desktop.jar
[Sat Dec 27 23:27:22 BDT 2025][FINE] Extracting native libs from jar: C:\Users\User\.m2\repository\com\gluonhq\attach\lifecycle\4.0.24-SNAPSHOT\lifecycle-4.0.24-SNAPSHOT.jar
[Sat Dec 27 23:27:22 BDT 2025][FINE] Extracting native libs from jar: C:\Users\User\.m2\repository\com\gluonhq\attach\statusbar\4.0.24-SNAPSHOT\statusbar-4.0.24-SNAPSHOT.jar
[Sat Dec 27 23:27:22 BDT 2025][FINE] Extracting native libs from jar: C:\Users\User\.m2\repository\com\gluonhq\attach\storage\4.0.24-SNAPSHOT\storage-4.0.24-SNAPSHOT-desktop.jar
[Sat Dec 27 23:27:22 BDT 2025][FINE] Extracting native libs from jar: C:\Users\User\.m2\repository\com\gluonhq\attach\storage\4.0.24-SNAPSHOT\storage-4.0.24-SNAPSHOT.jar
[Sat Dec 27 23:27:22 BDT 2025][FINE] Extracting native libs from jar: C:\Users\User\.m2\repository\com\gluonhq\attach\util\4.0.24-SNAPSHOT\util-4.0.24-SNAPSHOT.jar
[Sat Dec 27 23:27:22 BDT 2025][FINE] Extracting native libs from jar: C:\Users\User\.gluon\substrate\javafxStaticSdk\21-ea+11.3\windows-x86_64\sdk\lib\javafx.base.jar
[Sat Dec 27 23:27:22 BDT 2025][FINE] Extracting native libs from jar: C:\Users\User\.gluon\substrate\javafxStaticSdk\21-ea+11.3\windows-x86_64\sdk\lib\javafx.controls.jar
[Sat Dec 27 23:27:22 BDT 2025][FINE] Extracting native libs from jar: C:\Users\User\.gluon\substrate\javafxStaticSdk\21-ea+11.3\windows-x86_64\sdk\lib\javafx.graphics.jar
[Sat Dec 27 23:27:22 BDT 2025][FINE] Looking for resource: /native/windows/launcher.c
[Sat Dec 27 23:27:22 BDT 2025][FINE] PB Command for compile-additional-sources: cl -c -DGVM_VERBOSE -DSUBSTRATE /MD /D_UNICODE /DUNICODE /DWIN32 /D_WINDOWS -ID:\code\javafx\windows\demowinfx\target\gluonfx\x86_64-windows\gvm\App launcher.c
[Sat Dec 27 23:27:22 BDT 2025][FINE] Start process compile-additional-sources...
[Sat Dec 27 23:27:22 BDT 2025][FINE] [SUB] Microsoft (R) C/C++ Optimizing Compiler Version 19.50.35721 for x64
[Sat Dec 27 23:27:22 BDT 2025][FINE] [SUB] Copyright (C) Microsoft Corporation.  All rights reserved.
[Sat Dec 27 23:27:22 BDT 2025][FINE] [SUB] 
[Sat Dec 27 23:27:22 BDT 2025][FINE] [SUB] launcher.c
[Sat Dec 27 23:27:22 BDT 2025][FINE] Result for compile-additional-sources: 0
[Sat Dec 27 23:27:22 BDT 2025][FINE] Copied resource D:\code\javafx\windows\demowinfx\target\classes\com\example\App.class to C:\Users\User\AppData\Local\Temp\classes2571647663068772860\com\example\App.class
[Sat Dec 27 23:27:22 BDT 2025][FINE] Copied resource D:\code\javafx\windows\demowinfx\target\classes\com\example\SystemInfo.class to C:\Users\User\AppData\Local\Temp\classes2571647663068772860\com\example\SystemInfo.class
[Sat Dec 27 23:27:22 BDT 2025][FINE] Copied resource D:\code\javafx\windows\demowinfx\target\classes\module-info.class to C:\Users\User\AppData\Local\Temp\classes2571647663068772860\module-info.class
[Sat Dec 27 23:27:22 BDT 2025][FINE] PB Command for jar: C:\Program Files\java\graalvm-jdk-21.0.9+7.1\bin\jar.exe cf C:\Users\User\AppData\Local\Temp\classes2571647663068772860\classes.jar -C C:\Users\User\AppData\Local\Temp\classes2571647663068772860 .
[Sat Dec 27 23:27:22 BDT 2025][FINE] Start process jar...
[Sat Dec 27 23:27:23 BDT 2025][FINE] Result for jar: 0
[Sat Dec 27 23:27:23 BDT 2025][FINE] Scanning for init build time files
[Sat Dec 27 23:27:23 BDT 2025][FINE] Scanning C:\Users\User\.m2\repository\com\gluonhq\charm-glisten\6.2.3\charm-glisten-6.2.3.jar
[Sat Dec 27 23:27:23 BDT 2025][FINE] Scanning C:\Users\User\.m2\repository\com\gluonhq\attach\display\4.0.24-SNAPSHOT\display-4.0.24-SNAPSHOT-desktop.jar
[Sat Dec 27 23:27:23 BDT 2025][FINE] Scanning C:\Users\User\.m2\repository\com\gluonhq\attach\display\4.0.24-SNAPSHOT\display-4.0.24-SNAPSHOT.jar
[Sat Dec 27 23:27:23 BDT 2025][FINE] Scanning C:\Users\User\.m2\repository\com\gluonhq\attach\lifecycle\4.0.24-SNAPSHOT\lifecycle-4.0.24-SNAPSHOT-desktop.jar
[Sat Dec 27 23:27:23 BDT 2025][FINE] Scanning C:\Users\User\.m2\repository\com\gluonhq\attach\lifecycle\4.0.24-SNAPSHOT\lifecycle-4.0.24-SNAPSHOT.jar
[Sat Dec 27 23:27:23 BDT 2025][FINE] Scanning C:\Users\User\.m2\repository\com\gluonhq\attach\statusbar\4.0.24-SNAPSHOT\statusbar-4.0.24-SNAPSHOT.jar
[Sat Dec 27 23:27:23 BDT 2025][FINE] Scanning C:\Users\User\.m2\repository\com\gluonhq\attach\storage\4.0.24-SNAPSHOT\storage-4.0.24-SNAPSHOT-desktop.jar
[Sat Dec 27 23:27:23 BDT 2025][FINE] Scanning C:\Users\User\.m2\repository\com\gluonhq\attach\storage\4.0.24-SNAPSHOT\storage-4.0.24-SNAPSHOT.jar
[Sat Dec 27 23:27:23 BDT 2025][FINE] Scanning C:\Users\User\.m2\repository\com\gluonhq\attach\util\4.0.24-SNAPSHOT\util-4.0.24-SNAPSHOT.jar
[Sat Dec 27 23:27:23 BDT 2025][FINE] Scanning C:\Users\User\.gluon\substrate\javafxStaticSdk\21-ea+11.3\windows-x86_64\sdk\lib\javafx.base.jar
[Sat Dec 27 23:27:23 BDT 2025][FINE] Scanning C:\Users\User\.gluon\substrate\javafxStaticSdk\21-ea+11.3\windows-x86_64\sdk\lib\javafx.controls.jar
[Sat Dec 27 23:27:23 BDT 2025][FINE] Scanning C:\Users\User\.gluon\substrate\javafxStaticSdk\21-ea+11.3\windows-x86_64\sdk\lib\javafx.graphics.jar
[Sat Dec 27 23:27:23 BDT 2025][FINE] Scanning C:\Users\User\AppData\Local\Temp\classes2571647663068772860\classes.jar
[Sat Dec 27 23:27:23 BDT 2025][FINE] Scanning for reflection files
[Sat Dec 27 23:27:23 BDT 2025][FINE] Scanning C:\Users\User\.m2\repository\com\gluonhq\charm-glisten\6.2.3\charm-glisten-6.2.3.jar
[Sat Dec 27 23:27:23 BDT 2025][FINE] Adding classes from C:\Users\User\.m2\repository\com\gluonhq\charm-glisten\6.2.3\charm-glisten-6.2.3.jar::META-INF/substrate/config/reflectionconfig.json
[Sat Dec 27 23:27:23 BDT 2025][FINE] Scanning C:\Users\User\.m2\repository\com\gluonhq\attach\display\4.0.24-SNAPSHOT\display-4.0.24-SNAPSHOT-desktop.jar
[Sat Dec 27 23:27:23 BDT 2025][FINE] Adding classes from C:\Users\User\.m2\repository\com\gluonhq\attach\display\4.0.24-SNAPSHOT\display-4.0.24-SNAPSHOT-desktop.jar::META-INF/substrate/config/reflectionconfig-x86_64-windows.json
[Sat Dec 27 23:27:23 BDT 2025][FINE] Scanning C:\Users\User\.m2\repository\com\gluonhq\attach\display\4.0.24-SNAPSHOT\display-4.0.24-SNAPSHOT.jar
[Sat Dec 27 23:27:23 BDT 2025][FINE] Scanning C:\Users\User\.m2\repository\com\gluonhq\attach\lifecycle\4.0.24-SNAPSHOT\lifecycle-4.0.24-SNAPSHOT-desktop.jar
[Sat Dec 27 23:27:23 BDT 2025][FINE] Adding classes from C:\Users\User\.m2\repository\com\gluonhq\attach\lifecycle\4.0.24-SNAPSHOT\lifecycle-4.0.24-SNAPSHOT-desktop.jar::META-INF/substrate/config/reflectionconfig-x86_64-windows.json
[Sat Dec 27 23:27:23 BDT 2025][FINE] Scanning C:\Users\User\.m2\repository\com\gluonhq\attach\lifecycle\4.0.24-SNAPSHOT\lifecycle-4.0.24-SNAPSHOT.jar
[Sat Dec 27 23:27:23 BDT 2025][FINE] Scanning C:\Users\User\.m2\repository\com\gluonhq\attach\statusbar\4.0.24-SNAPSHOT\statusbar-4.0.24-SNAPSHOT.jar
[Sat Dec 27 23:27:23 BDT 2025][FINE] Scanning C:\Users\User\.m2\repository\com\gluonhq\attach\storage\4.0.24-SNAPSHOT\storage-4.0.24-SNAPSHOT-desktop.jar
[Sat Dec 27 23:27:23 BDT 2025][FINE] Adding classes from C:\Users\User\.m2\repository\com\gluonhq\attach\storage\4.0.24-SNAPSHOT\storage-4.0.24-SNAPSHOT-desktop.jar::META-INF/substrate/config/reflectionconfig-x86_64-windows.json
[Sat Dec 27 23:27:23 BDT 2025][FINE] Scanning C:\Users\User\.m2\repository\com\gluonhq\attach\storage\4.0.24-SNAPSHOT\storage-4.0.24-SNAPSHOT.jar
[Sat Dec 27 23:27:23 BDT 2025][FINE] Scanning C:\Users\User\.m2\repository\com\gluonhq\attach\util\4.0.24-SNAPSHOT\util-4.0.24-SNAPSHOT.jar
[Sat Dec 27 23:27:23 BDT 2025][FINE] Scanning C:\Users\User\.gluon\substrate\javafxStaticSdk\21-ea+11.3\windows-x86_64\sdk\lib\javafx.base.jar
[Sat Dec 27 23:27:23 BDT 2025][FINE] Adding classes from C:\Users\User\.gluon\substrate\javafxStaticSdk\21-ea+11.3\windows-x86_64\sdk\lib\javafx.base.jar::META-INF/substrate/config/reflectionconfig.json
[Sat Dec 27 23:27:23 BDT 2025][FINE] Scanning C:\Users\User\.gluon\substrate\javafxStaticSdk\21-ea+11.3\windows-x86_64\sdk\lib\javafx.controls.jar
[Sat Dec 27 23:27:23 BDT 2025][FINE] Adding classes from C:\Users\User\.gluon\substrate\javafxStaticSdk\21-ea+11.3\windows-x86_64\sdk\lib\javafx.controls.jar::META-INF/substrate/config/reflectionconfig.json
[Sat Dec 27 23:27:23 BDT 2025][FINE] Scanning C:\Users\User\.gluon\substrate\javafxStaticSdk\21-ea+11.3\windows-x86_64\sdk\lib\javafx.graphics.jar
[Sat Dec 27 23:27:23 BDT 2025][FINE] Adding classes from C:\Users\User\.gluon\substrate\javafxStaticSdk\21-ea+11.3\windows-x86_64\sdk\lib\javafx.graphics.jar::META-INF/substrate/config/reflectionconfig-x86_64-windows.json
[Sat Dec 27 23:27:23 BDT 2025][FINE] Adding classes from C:\Users\User\.gluon\substrate\javafxStaticSdk\21-ea+11.3\windows-x86_64\sdk\lib\javafx.graphics.jar::META-INF/substrate/config/reflectionconfig.json
[Sat Dec 27 23:27:23 BDT 2025][FINE] Scanning C:\Users\User\AppData\Local\Temp\classes2571647663068772860\classes.jar
[Sat Dec 27 23:27:23 BDT 2025][FINE] Scanning for JNI files
[Sat Dec 27 23:27:23 BDT 2025][FINE] Scanning C:\Users\User\.m2\repository\com\gluonhq\charm-glisten\6.2.3\charm-glisten-6.2.3.jar
[Sat Dec 27 23:27:23 BDT 2025][FINE] Scanning C:\Users\User\.m2\repository\com\gluonhq\attach\display\4.0.24-SNAPSHOT\display-4.0.24-SNAPSHOT-desktop.jar
[Sat Dec 27 23:27:23 BDT 2025][FINE] Scanning C:\Users\User\.m2\repository\com\gluonhq\attach\display\4.0.24-SNAPSHOT\display-4.0.24-SNAPSHOT.jar
[Sat Dec 27 23:27:23 BDT 2025][FINE] Scanning C:\Users\User\.m2\repository\com\gluonhq\attach\lifecycle\4.0.24-SNAPSHOT\lifecycle-4.0.24-SNAPSHOT-desktop.jar
[Sat Dec 27 23:27:23 BDT 2025][FINE] Scanning C:\Users\User\.m2\repository\com\gluonhq\attach\lifecycle\4.0.24-SNAPSHOT\lifecycle-4.0.24-SNAPSHOT.jar
[Sat Dec 27 23:27:23 BDT 2025][FINE] Scanning C:\Users\User\.m2\repository\com\gluonhq\attach\statusbar\4.0.24-SNAPSHOT\statusbar-4.0.24-SNAPSHOT.jar
[Sat Dec 27 23:27:23 BDT 2025][FINE] Scanning C:\Users\User\.m2\repository\com\gluonhq\attach\storage\4.0.24-SNAPSHOT\storage-4.0.24-SNAPSHOT-desktop.jar
[Sat Dec 27 23:27:23 BDT 2025][FINE] Scanning C:\Users\User\.m2\repository\com\gluonhq\attach\storage\4.0.24-SNAPSHOT\storage-4.0.24-SNAPSHOT.jar
[Sat Dec 27 23:27:23 BDT 2025][FINE] Scanning C:\Users\User\.m2\repository\com\gluonhq\attach\util\4.0.24-SNAPSHOT\util-4.0.24-SNAPSHOT.jar
[Sat Dec 27 23:27:23 BDT 2025][FINE] Scanning C:\Users\User\.gluon\substrate\javafxStaticSdk\21-ea+11.3\windows-x86_64\sdk\lib\javafx.base.jar
[Sat Dec 27 23:27:23 BDT 2025][FINE] Scanning C:\Users\User\.gluon\substrate\javafxStaticSdk\21-ea+11.3\windows-x86_64\sdk\lib\javafx.controls.jar
[Sat Dec 27 23:27:23 BDT 2025][FINE] Scanning C:\Users\User\.gluon\substrate\javafxStaticSdk\21-ea+11.3\windows-x86_64\sdk\lib\javafx.graphics.jar
[Sat Dec 27 23:27:23 BDT 2025][FINE] Adding classes from C:\Users\User\.gluon\substrate\javafxStaticSdk\21-ea+11.3\windows-x86_64\sdk\lib\javafx.graphics.jar::META-INF/substrate/config/jniconfig-x86_64-windows.json
[Sat Dec 27 23:27:23 BDT 2025][FINE] Adding classes from C:\Users\User\.gluon\substrate\javafxStaticSdk\21-ea+11.3\windows-x86_64\sdk\lib\javafx.graphics.jar::META-INF/substrate/config/jniconfig.json
[Sat Dec 27 23:27:23 BDT 2025][FINE] Scanning C:\Users\User\AppData\Local\Temp\classes2571647663068772860\classes.jar
[Sat Dec 27 23:27:23 BDT 2025][FINE] Scanning for resource files
[Sat Dec 27 23:27:23 BDT 2025][FINE] Scanning C:\Users\User\.m2\repository\com\gluonhq\charm-glisten\6.2.3\charm-glisten-6.2.3.jar
[Sat Dec 27 23:27:23 BDT 2025][FINE] Scanning C:\Users\User\.m2\repository\com\gluonhq\attach\display\4.0.24-SNAPSHOT\display-4.0.24-SNAPSHOT-desktop.jar
[Sat Dec 27 23:27:23 BDT 2025][FINE] Scanning C:\Users\User\.m2\repository\com\gluonhq\attach\display\4.0.24-SNAPSHOT\display-4.0.24-SNAPSHOT.jar
[Sat Dec 27 23:27:23 BDT 2025][FINE] Scanning C:\Users\User\.m2\repository\com\gluonhq\attach\lifecycle\4.0.24-SNAPSHOT\lifecycle-4.0.24-SNAPSHOT-desktop.jar
[Sat Dec 27 23:27:23 BDT 2025][FINE] Scanning C:\Users\User\.m2\repository\com\gluonhq\attach\lifecycle\4.0.24-SNAPSHOT\lifecycle-4.0.24-SNAPSHOT.jar
[Sat Dec 27 23:27:23 BDT 2025][FINE] Scanning C:\Users\User\.m2\repository\com\gluonhq\attach\statusbar\4.0.24-SNAPSHOT\statusbar-4.0.24-SNAPSHOT.jar
[Sat Dec 27 23:27:23 BDT 2025][FINE] Scanning C:\Users\User\.m2\repository\com\gluonhq\attach\storage\4.0.24-SNAPSHOT\storage-4.0.24-SNAPSHOT-desktop.jar
[Sat Dec 27 23:27:23 BDT 2025][FINE] Scanning C:\Users\User\.m2\repository\com\gluonhq\attach\storage\4.0.24-SNAPSHOT\storage-4.0.24-SNAPSHOT.jar
[Sat Dec 27 23:27:23 BDT 2025][FINE] Scanning C:\Users\User\.m2\repository\com\gluonhq\attach\util\4.0.24-SNAPSHOT\util-4.0.24-SNAPSHOT.jar
[Sat Dec 27 23:27:23 BDT 2025][FINE] Scanning C:\Users\User\.gluon\substrate\javafxStaticSdk\21-ea+11.3\windows-x86_64\sdk\lib\javafx.base.jar
[Sat Dec 27 23:27:23 BDT 2025][FINE] Scanning C:\Users\User\.gluon\substrate\javafxStaticSdk\21-ea+11.3\windows-x86_64\sdk\lib\javafx.controls.jar
[Sat Dec 27 23:27:23 BDT 2025][FINE] Scanning C:\Users\User\.gluon\substrate\javafxStaticSdk\21-ea+11.3\windows-x86_64\sdk\lib\javafx.graphics.jar
[Sat Dec 27 23:27:23 BDT 2025][FINE] Scanning C:\Users\User\AppData\Local\Temp\classes2571647663068772860\classes.jar
[Sat Dec 27 23:27:23 BDT 2025][FINE] Copied resource D:\code\javafx\windows\demowinfx\target\classes\com\example\App.class to C:\Users\User\AppData\Local\Temp\classes12202386848143151265\com\example\App.class
[Sat Dec 27 23:27:23 BDT 2025][FINE] Copied resource D:\code\javafx\windows\demowinfx\target\classes\com\example\SystemInfo.class to C:\Users\User\AppData\Local\Temp\classes12202386848143151265\com\example\SystemInfo.class
[Sat Dec 27 23:27:23 BDT 2025][FINE] Copied resource D:\code\javafx\windows\demowinfx\target\classes\module-info.class to C:\Users\User\AppData\Local\Temp\classes12202386848143151265\module-info.class
[Sat Dec 27 23:27:23 BDT 2025][FINE] PB Command for jar: C:\Program Files\java\graalvm-jdk-21.0.9+7.1\bin\jar.exe cf C:\Users\User\AppData\Local\Temp\classes12202386848143151265\classes.jar -C C:\Users\User\AppData\Local\Temp\classes12202386848143151265 .
[Sat Dec 27 23:27:23 BDT 2025][FINE] Start process jar...
[Sat Dec 27 23:27:23 BDT 2025][FINE] Result for jar: 0
[Sat Dec 27 23:27:23 BDT 2025][FINE] Scanning for resource bundles
[Sat Dec 27 23:27:23 BDT 2025][FINE] Scanning C:\Users\User\.m2\repository\com\gluonhq\charm-glisten\6.2.3\charm-glisten-6.2.3.jar
[Sat Dec 27 23:27:23 BDT 2025][FINE] Scanning C:\Users\User\.m2\repository\com\gluonhq\attach\display\4.0.24-SNAPSHOT\display-4.0.24-SNAPSHOT-desktop.jar
[Sat Dec 27 23:27:23 BDT 2025][FINE] Scanning C:\Users\User\.m2\repository\com\gluonhq\attach\display\4.0.24-SNAPSHOT\display-4.0.24-SNAPSHOT.jar
[Sat Dec 27 23:27:23 BDT 2025][FINE] Scanning C:\Users\User\.m2\repository\com\gluonhq\attach\lifecycle\4.0.24-SNAPSHOT\lifecycle-4.0.24-SNAPSHOT-desktop.jar
[Sat Dec 27 23:27:23 BDT 2025][FINE] Scanning C:\Users\User\.m2\repository\com\gluonhq\attach\lifecycle\4.0.24-SNAPSHOT\lifecycle-4.0.24-SNAPSHOT.jar
[Sat Dec 27 23:27:23 BDT 2025][FINE] Scanning C:\Users\User\.m2\repository\com\gluonhq\attach\statusbar\4.0.24-SNAPSHOT\statusbar-4.0.24-SNAPSHOT.jar
[Sat Dec 27 23:27:23 BDT 2025][FINE] Scanning C:\Users\User\.m2\repository\com\gluonhq\attach\storage\4.0.24-SNAPSHOT\storage-4.0.24-SNAPSHOT-desktop.jar
[Sat Dec 27 23:27:23 BDT 2025][FINE] Scanning C:\Users\User\.m2\repository\com\gluonhq\attach\storage\4.0.24-SNAPSHOT\storage-4.0.24-SNAPSHOT.jar
[Sat Dec 27 23:27:23 BDT 2025][FINE] Scanning C:\Users\User\.m2\repository\com\gluonhq\attach\util\4.0.24-SNAPSHOT\util-4.0.24-SNAPSHOT.jar
[Sat Dec 27 23:27:23 BDT 2025][FINE] Scanning C:\Users\User\.gluon\substrate\javafxStaticSdk\21-ea+11.3\windows-x86_64\sdk\lib\javafx.base.jar
[Sat Dec 27 23:27:23 BDT 2025][FINE] Scanning C:\Users\User\.gluon\substrate\javafxStaticSdk\21-ea+11.3\windows-x86_64\sdk\lib\javafx.controls.jar
[Sat Dec 27 23:27:23 BDT 2025][FINE] Adding classes from C:\Users\User\.gluon\substrate\javafxStaticSdk\21-ea+11.3\windows-x86_64\sdk\lib\javafx.controls.jar::META-INF/substrate/config/resourcebundles
[Sat Dec 27 23:27:23 BDT 2025][FINE] Scanning C:\Users\User\.gluon\substrate\javafxStaticSdk\21-ea+11.3\windows-x86_64\sdk\lib\javafx.graphics.jar
[Sat Dec 27 23:27:23 BDT 2025][FINE] Adding classes from C:\Users\User\.gluon\substrate\javafxStaticSdk\21-ea+11.3\windows-x86_64\sdk\lib\javafx.graphics.jar::META-INF/substrate/config/resourcebundles
[Sat Dec 27 23:27:23 BDT 2025][FINE] Adding classes from C:\Users\User\.gluon\substrate\javafxStaticSdk\21-ea+11.3\windows-x86_64\sdk\lib\javafx.graphics.jar::META-INF/substrate/config/resourcebundles-x86_64-windows
[Sat Dec 27 23:27:24 BDT 2025][FINE] Scanning C:\Users\User\AppData\Local\Temp\classes12202386848143151265\classes.jar
[Sat Dec 27 23:27:24 BDT 2025][FINE] Copied resource C:\Users\User\.m2\repository\com\gluonhq\charm-glisten\6.2.3\charm-glisten-6.2.3.jar to D:\code\javafx\windows\demowinfx\target\gluonfx\x86_64-windows\gvm\tmp\deps\charm-glisten-6.2.3.jar
[Sat Dec 27 23:27:24 BDT 2025][FINE] Copied resource C:\Users\User\.m2\repository\com\gluonhq\attach\display\4.0.24-SNAPSHOT\display-4.0.24-SNAPSHOT-desktop.jar to D:\code\javafx\windows\demowinfx\target\gluonfx\x86_64-windows\gvm\tmp\deps\display-4.0.24-SNAPSHOT-desktop.jar
[Sat Dec 27 23:27:24 BDT 2025][FINE] Copied resource C:\Users\User\.m2\repository\com\gluonhq\attach\display\4.0.24-SNAPSHOT\display-4.0.24-SNAPSHOT.jar to D:\code\javafx\windows\demowinfx\target\gluonfx\x86_64-windows\gvm\tmp\deps\display-4.0.24-SNAPSHOT.jar
[Sat Dec 27 23:27:24 BDT 2025][FINE] Copied resource C:\Users\User\.m2\repository\com\gluonhq\attach\lifecycle\4.0.24-SNAPSHOT\lifecycle-4.0.24-SNAPSHOT-desktop.jar to D:\code\javafx\windows\demowinfx\target\gluonfx\x86_64-windows\gvm\tmp\deps\lifecycle-4.0.24-SNAPSHOT-desktop.jar
[Sat Dec 27 23:27:24 BDT 2025][FINE] Copied resource C:\Users\User\.m2\repository\com\gluonhq\attach\lifecycle\4.0.24-SNAPSHOT\lifecycle-4.0.24-SNAPSHOT.jar to D:\code\javafx\windows\demowinfx\target\gluonfx\x86_64-windows\gvm\tmp\deps\lifecycle-4.0.24-SNAPSHOT.jar
[Sat Dec 27 23:27:24 BDT 2025][FINE] Copied resource C:\Users\User\.m2\repository\com\gluonhq\attach\statusbar\4.0.24-SNAPSHOT\statusbar-4.0.24-SNAPSHOT.jar to D:\code\javafx\windows\demowinfx\target\gluonfx\x86_64-windows\gvm\tmp\deps\statusbar-4.0.24-SNAPSHOT.jar
[Sat Dec 27 23:27:24 BDT 2025][FINE] Copied resource C:\Users\User\.m2\repository\com\gluonhq\attach\storage\4.0.24-SNAPSHOT\storage-4.0.24-SNAPSHOT-desktop.jar to D:\code\javafx\windows\demowinfx\target\gluonfx\x86_64-windows\gvm\tmp\deps\storage-4.0.24-SNAPSHOT-desktop.jar
[Sat Dec 27 23:27:24 BDT 2025][FINE] Copied resource C:\Users\User\.m2\repository\com\gluonhq\attach\storage\4.0.24-SNAPSHOT\storage-4.0.24-SNAPSHOT.jar to D:\code\javafx\windows\demowinfx\target\gluonfx\x86_64-windows\gvm\tmp\deps\storage-4.0.24-SNAPSHOT.jar
[Sat Dec 27 23:27:24 BDT 2025][FINE] Copied resource C:\Users\User\.m2\repository\com\gluonhq\attach\util\4.0.24-SNAPSHOT\util-4.0.24-SNAPSHOT.jar to D:\code\javafx\windows\demowinfx\target\gluonfx\x86_64-windows\gvm\tmp\deps\util-4.0.24-SNAPSHOT.jar
[Sat Dec 27 23:27:24 BDT 2025][FINE] Copied resource C:\Users\User\.gluon\substrate\javafxStaticSdk\21-ea+11.3\windows-x86_64\sdk\lib\javafx.base.jar to D:\code\javafx\windows\demowinfx\target\gluonfx\x86_64-windows\gvm\tmp\deps\javafx.base.jar
[Sat Dec 27 23:27:24 BDT 2025][FINE] Copied resource C:\Users\User\.gluon\substrate\javafxStaticSdk\21-ea+11.3\windows-x86_64\sdk\lib\javafx.controls.jar to D:\code\javafx\windows\demowinfx\target\gluonfx\x86_64-windows\gvm\tmp\deps\javafx.controls.jar
[Sat Dec 27 23:27:24 BDT 2025][FINE] Copied resource C:\Users\User\.gluon\substrate\javafxStaticSdk\21-ea+11.3\windows-x86_64\sdk\lib\javafx.graphics.jar to D:\code\javafx\windows\demowinfx\target\gluonfx\x86_64-windows\gvm\tmp\deps\javafx.graphics.jar
[Sat Dec 27 23:27:24 BDT 2025][FINE] Class-Path manifest entry for pathing jar: ..\..\..\..\classes deps\charm-glisten-6.2.3.jar deps\display-4.0.24-SNAPSHOT-desktop.jar deps\display-4.0.24-SNAPSHOT.jar deps\lifecycle-4.0.24-SNAPSHOT-desktop.jar deps\lifecycle-4.0.24-SNAPSHOT.jar deps\statusbar-4.0.24-SNAPSHOT.jar deps\storage-4.0.24-SNAPSHOT-desktop.jar deps\storage-4.0.24-SNAPSHOT.jar deps\util-4.0.24-SNAPSHOT.jar deps\javafx.base.jar deps\javafx.controls.jar deps\javafx.graphics.jar
[Sat Dec 27 23:27:24 BDT 2025][FINE] Pathing jar created at D:\code\javafx\windows\demowinfx\target\gluonfx\x86_64-windows\gvm\tmp\classpathJar.jar
[Sat Dec 27 23:27:24 BDT 2025][FINE] PB Command for compile: C:\Program Files\java\graalvm-jdk-21.0.9+7.1\bin\native-image.cmd "-Djdk.internal.lambda.eagerlyInitialize=false" --no-server -H:+SharedLibrary -H:+AddAllCharsets -H:+ReportExceptionStackTraces -H:-DeadlockWatchdogExitOnTimeout "-H:DeadlockWatchdogInterval=0" -H:+RemoveSaturatedTypeFlows -H:+ExitAfterRelocatableImageWrite "-H:TempDirectory=D:\code\javafx\windows\demowinfx\target\gluonfx\x86_64-windows\gvm\tmp" "-H:EnableURLProtocols=http,https" -H:+PrintAnalysisCallTree "-H:Log=registerResource:" "-H:ReflectionConfigurationFiles=D:\code\javafx\windows\demowinfx\target\gluonfx\x86_64-windows\gvm\reflectionconfig-x86_64-windows.json" "-H:JNIConfigurationFiles=D:\code\javafx\windows\demowinfx\target\gluonfx\x86_64-windows\gvm\jniconfig-x86_64-windows.json" "-H:ResourceConfigurationFiles=D:\code\javafx\windows\demowinfx\target\gluonfx\x86_64-windows\gvm\resourceconfig-x86_64-windows.json" "-H:IncludeResourceBundles=com/sun/javafx/scene/control/skin/resources/controls,com/sun/javafx/scene/control/skin/resources/controls-nt,com.sun.javafx.tk.quantum.QuantumMessagesBundle,com/sun/glass/ui/win/themes" "-Dsvm.platform=org.graalvm.nativeimage.Platform$WINDOWS_AMD64" -cp "C:\Users\User\.m2\repository\com\gluonhq\substrate\0.0.68-SNAPSHOT\substrate-0.0.68-SNAPSHOT.jar;D:\code\javafx\windows\demowinfx\target\gluonfx\x86_64-windows\gvm\tmp\classpathJar.jar" com.example.App
[Sat Dec 27 23:27:24 BDT 2025][FINE] Start process compile...
[Sat Dec 27 23:27:24 BDT 2025][INFO] [SUB] Warning: Ignoring server-mode native-image argument --no-server.
[Sat Dec 27 23:27:25 BDT 2025][INFO] [SUB] Warning: The option '-H:ResourceConfigurationFiles=D:\code\javafx\windows\demowinfx\target\gluonfx\x86_64-windows\gvm\resourceconfig-x86_64-windows.json' is experimental and must be enabled via '-H:+UnlockExperimentalVMOptions' in the future.
[Sat Dec 27 23:27:25 BDT 2025][INFO] [SUB] Warning: The option '-H:JNIConfigurationFiles=D:\code\javafx\windows\demowinfx\target\gluonfx\x86_64-windows\gvm\jniconfig-x86_64-windows.json' is experimental and must be enabled via '-H:+UnlockExperimentalVMOptions' in the future.
[Sat Dec 27 23:27:25 BDT 2025][INFO] [SUB] Warning: The option '-H:-DeadlockWatchdogExitOnTimeout' is experimental and must be enabled via '-H:+UnlockExperimentalVMOptions' in the future.
[Sat Dec 27 23:27:25 BDT 2025][INFO] [SUB] Warning: The option '-H:IncludeResourceBundles=com/sun/javafx/scene/control/skin/resources/controls,com/sun/javafx/scene/control/skin/resources/controls-nt,com.sun.javafx.tk.quantum.QuantumMessagesBundle,com/sun/glass/ui/win/themes' is experimental and must be enabled via '-H:+UnlockExperimentalVMOptions' in the future.
[Sat Dec 27 23:27:25 BDT 2025][INFO] [SUB] Warning: The option '-H:DeadlockWatchdogInterval=0' is experimental and must be enabled via '-H:+UnlockExperimentalVMOptions' in the future.
[Sat Dec 27 23:27:25 BDT 2025][INFO] [SUB] Warning: The option '-H:+RemoveSaturatedTypeFlows' is experimental and must be enabled via '-H:+UnlockExperimentalVMOptions' in the future.
[Sat Dec 27 23:27:25 BDT 2025][INFO] [SUB] Warning: The option '-H:+PrintAnalysisCallTree' is experimental and must be enabled via '-H:+UnlockExperimentalVMOptions' in the future.
[Sat Dec 27 23:27:25 BDT 2025][INFO] [SUB] Warning: The option '-H:ReflectionConfigurationFiles=D:\code\javafx\windows\demowinfx\target\gluonfx\x86_64-windows\gvm\reflectionconfig-x86_64-windows.json' is experimental and must be enabled via '-H:+UnlockExperimentalVMOptions' in the future.
[Sat Dec 27 23:27:25 BDT 2025][INFO] [SUB] Warning: The option '-H:Log=registerResource:' is experimental and must be enabled via '-H:+UnlockExperimentalVMOptions' in the future.
[Sat Dec 27 23:27:25 BDT 2025][INFO] [SUB] Warning: The option '-H:+ExitAfterRelocatableImageWrite' is experimental and must be enabled via '-H:+UnlockExperimentalVMOptions' in the future.
[Sat Dec 27 23:27:25 BDT 2025][INFO] [SUB] Warning: The option '-H:EnableURLProtocols=http,https' is experimental and must be enabled via '-H:+UnlockExperimentalVMOptions' in the future.
[Sat Dec 27 23:27:25 BDT 2025][INFO] [SUB] Warning: The option '-H:+SharedLibrary' is experimental and must be enabled via '-H:+UnlockExperimentalVMOptions' in the future.
[Sat Dec 27 23:27:25 BDT 2025][INFO] [SUB] Warning: The option '-H:TempDirectory=D:\code\javafx\windows\demowinfx\target\gluonfx\x86_64-windows\gvm\tmp' is experimental and must be enabled via '-H:+UnlockExperimentalVMOptions' in the future.
[Sat Dec 27 23:27:25 BDT 2025][INFO] [SUB] Warning: Please re-evaluate whether any experimental option is required, and either remove or unlock it. The build output lists all active experimental options, including where they come from and possible alternatives. If you think an experimental option should be considered as stable, please file an issue.
[Sat Dec 27 23:27:29 BDT 2025][INFO] [SUB] ========================================================================================================================
[Sat Dec 27 23:27:29 BDT 2025][INFO] [SUB] GraalVM Native Image: Generating 'com.example.app' (shared library)...
[Sat Dec 27 23:27:29 BDT 2025][INFO] [SUB] ========================================================================================================================
[Sat Dec 27 23:27:29 BDT 2025][INFO] [SUB] For detailed information and explanations on the build output, visit:
[Sat Dec 27 23:27:29 BDT 2025][INFO] [SUB] https://github.com/oracle/graal/blob/master/docs/reference-manual/native-image/BuildOutput.md
[Sat Dec 27 23:27:29 BDT 2025][INFO] [SUB] ------------------------------------------------------------------------------------------------------------------------
[Sat Dec 27 23:27:35 BDT 2025][INFO] [SUB] [1/8] Initializing...                                                                                    (8.7s @ 0.11GB)
[Sat Dec 27 23:27:35 BDT 2025][INFO] [SUB]  Java version: 21.0.9+7-LTS, vendor version: Oracle GraalVM 21.0.9+7.1
[Sat Dec 27 23:27:35 BDT 2025][INFO] [SUB]  Graal compiler: optimization level: 2, target machine: x86-64-v3, PGO: ML-inferred
[Sat Dec 27 23:27:35 BDT 2025][INFO] [SUB]  C compiler: cl.exe (microsoft, x64, 19.50.35721)
[Sat Dec 27 23:27:35 BDT 2025][INFO] [SUB]  Garbage collector: Serial GC (max heap size: 80% of RAM)
[Sat Dec 27 23:27:35 BDT 2025][INFO] [SUB]  1 user-specific feature(s):
[Sat Dec 27 23:27:35 BDT 2025][INFO] [SUB]  - com.oracle.svm.thirdparty.gson.GsonFeature
[Sat Dec 27 23:27:35 BDT 2025][INFO] [SUB] ------------------------------------------------------------------------------------------------------------------------
[Sat Dec 27 23:27:35 BDT 2025][INFO] [SUB]  10 experimental option(s) unlocked:
[Sat Dec 27 23:27:35 BDT 2025][INFO] [SUB]  - '-H:DeadlockWatchdogInterval' (origin(s): command line)
[Sat Dec 27 23:27:35 BDT 2025][INFO] [SUB]  - '-H:EnableURLProtocols' (alternative API option(s): --enable-http, --enable-https; origin(s): command line, command line)
[Sat Dec 27 23:27:35 BDT 2025][INFO] [SUB]  - '-H:-DeadlockWatchdogExitOnTimeout' (origin(s): command line)
[Sat Dec 27 23:27:35 BDT 2025][INFO] [SUB]  - '-H:+ExitAfterRelocatableImageWrite' (origin(s): command line)
[Sat Dec 27 23:27:35 BDT 2025][INFO] [SUB]  - '-H:ReflectionConfigurationFiles' (origin(s): command line)
[Sat Dec 27 23:27:35 BDT 2025][INFO] [SUB]  - '-H:ResourceConfigurationFiles' (origin(s): command line)
[Sat Dec 27 23:27:35 BDT 2025][INFO] [SUB]  - '-H:JNIConfigurationFiles' (origin(s): command line)
[Sat Dec 27 23:27:35 BDT 2025][INFO] [SUB]  - '-H:IncludeResourceBundles' (origin(s): command line, command line, command line, command line)
[Sat Dec 27 23:27:35 BDT 2025][INFO] [SUB]  - '-H:+SharedLibrary' (alternative API option(s): --shared; origin(s): command line)
[Sat Dec 27 23:27:35 BDT 2025][INFO] [SUB]  - '-H:TempDirectory' (origin(s): command line)
[Sat Dec 27 23:27:35 BDT 2025][INFO] [SUB] ------------------------------------------------------------------------------------------------------------------------
[Sat Dec 27 23:27:35 BDT 2025][INFO] [SUB] Build resources:
[Sat Dec 27 23:27:35 BDT 2025][INFO] [SUB]  - 5.93GB of memory (75.6% of 7.85GB system memory, determined at start)
[Sat Dec 27 23:27:35 BDT 2025][INFO] [SUB]  - 8 thread(s) (100.0% of 8 available processor(s), determined at start)
[Sat Dec 27 23:29:09 BDT 2025][INFO] [SUB] [2/8] Performing analysis...  [******]                                                                  (93.7s @ 1.21GB)
[Sat Dec 27 23:29:09 BDT 2025][INFO] [SUB]    12,321 reachable types   (89.2% of   13,814 total)
[Sat Dec 27 23:29:09 BDT 2025][INFO] [SUB]    20,554 reachable fields  (62.5% of   32,881 total)
[Sat Dec 27 23:29:09 BDT 2025][INFO] [SUB]    65,044 reachable methods (64.6% of  100,761 total)
[Sat Dec 27 23:29:09 BDT 2025][INFO] [SUB]     3,413 types,   130 fields, and 2,768 methods registered for reflection
[Sat Dec 27 23:29:09 BDT 2025][INFO] [SUB]       130 types,   132 fields, and   209 methods registered for JNI access
[Sat Dec 27 23:29:09 BDT 2025][INFO] [SUB]         4 native libraries: crypt32, ncrypt, version, winhttp
[Sat Dec 27 23:29:12 BDT 2025][INFO] [SUB] # Printing call tree to: D:\code\javafx\windows\demowinfx\target\gluonfx\x86_64-windows\gvm\App\reports\call_tree_com.example.app_20251227_232912.txt
[Sat Dec 27 23:29:14 BDT 2025][INFO] [SUB] # Printing list of used methods to: D:\code\javafx\windows\demowinfx\target\gluonfx\x86_64-windows\gvm\App\reports\used_methods_com.example.app_20251227_232914.txt
[Sat Dec 27 23:29:14 BDT 2025][INFO] [SUB] # Printing list of used classes to: D:\code\javafx\windows\demowinfx\target\gluonfx\x86_64-windows\gvm\App\reports\used_classes_com.example.app_20251227_232914.txt
[Sat Dec 27 23:29:14 BDT 2025][INFO] [SUB] # Printing list of used packages to: D:\code\javafx\windows\demowinfx\target\gluonfx\x86_64-windows\gvm\App\reports\used_packages_com.example.app_20251227_232914.txt
[Sat Dec 27 23:29:25 BDT 2025][INFO] [SUB] [3/8] Building universe...                                                                              (10.3s @ 1.93GB)
[Sat Dec 27 23:29:48 BDT 2025][INFO] [SUB] [4/8] Parsing methods...      [*****]                                                                   (22.1s @ 1.23GB)
[Sat Dec 27 23:29:51 BDT 2025][INFO] [SUB] [5/8] Inlining methods...     [****]                                                                     (2.6s @ 1.99GB)
[Sat Dec 27 23:32:39 BDT 2025][INFO] [SUB] [6/8] Compiling methods...    [*************]                                                          (168.3s @ 1.36GB)
[Sat Dec 27 23:32:47 BDT 2025][INFO] [SUB] [7/8] Laying out methods...   [***]                                                                      (8.2s @ 1.39GB)
[Sat Dec 27 23:32:54 BDT 2025][INFO] [SUB] 
[Sat Dec 27 23:32:54 BDT 2025][INFO] [SUB] ------------------------------------------------------------------------------------------------------------------------
[Sat Dec 27 23:32:54 BDT 2025][INFO] [SUB]                        29.1s (8.9% of total time) in 690 GCs | Peak RSS: 3.24GB | CPU load: 5.92
[Sat Dec 27 23:32:54 BDT 2025][INFO] [SUB] ------------------------------------------------------------------------------------------------------------------------
[Sat Dec 27 23:32:54 BDT 2025][INFO] [SUB] Produced artifacts:
[Sat Dec 27 23:32:54 BDT 2025][INFO] [SUB]  D:\code\javafx\windows\demowinfx\target\gluonfx\x86_64-windows\gvm\App\com.example.app.h (c_header)
[Sat Dec 27 23:32:54 BDT 2025][INFO] [SUB]  D:\code\javafx\windows\demowinfx\target\gluonfx\x86_64-windows\gvm\App\com.example.app_dynamic.h (c_header)
[Sat Dec 27 23:32:54 BDT 2025][INFO] [SUB]  D:\code\javafx\windows\demowinfx\target\gluonfx\x86_64-windows\gvm\App\graal_isolate.h (c_header)
[Sat Dec 27 23:32:54 BDT 2025][INFO] [SUB]  D:\code\javafx\windows\demowinfx\target\gluonfx\x86_64-windows\gvm\App\graal_isolate_dynamic.h (c_header)
[Sat Dec 27 23:32:54 BDT 2025][INFO] [SUB] ========================================================================================================================
[Sat Dec 27 23:32:54 BDT 2025][INFO] [SUB] Finished generating 'com.example.app' in 5m 27s.
[Sat Dec 27 23:32:55 BDT 2025][FINE] Result for compile: 0
[Sat Dec 27 23:32:55 BDT 2025][FINE] Logging process [compile] to file: D:\code\javafx\windows\demowinfx\target\gluonfx\log\process-compile-1766856775168.log
[Sat Dec 27 23:32:55 BDT 2025][FINE] PB Command for check version: C:\Program Files\java\graalvm-jdk-21.0.9+7.1\bin\java -version
[Sat Dec 27 23:32:55 BDT 2025][FINE] Start process check version...
[Sat Dec 27 23:32:55 BDT 2025][FINE] [SUB] java version "21.0.9" 2025-10-21 LTS
[Sat Dec 27 23:32:55 BDT 2025][FINE] [SUB] Java(TM) SE Runtime Environment Oracle GraalVM 21.0.9+7.1 (build 21.0.9+7-LTS-jvmci-23.1-b79)
[Sat Dec 27 23:32:55 BDT 2025][FINE] [SUB] Java HotSpot(TM) 64-Bit Server VM Oracle GraalVM 21.0.9+7.1 (build 21.0.9+7-LTS-jvmci-23.1-b79, mixed mode, sharing)
[Sat Dec 27 23:32:55 BDT 2025][FINE] Result for check version: 0
[Sat Dec 27 23:32:55 BDT 2025][INFO] Substrate is tested with the Gluon's GraalVM build which you can find at https://github.com/gluonhq/graal/releases.
While you can still use other GraalVM builds, there is no guarantee that these will work properly with Substrate
[Sat Dec 27 23:38:05 BDT 2025][INFO] ==================== PACKAGE TASK ====================
[Sat Dec 27 23:38:05 BDT 2025][INFO] Building msi for D:\code\javafx\windows\demowinfx\target\gluonfx\x86_64-windows\App.exe
[Sat Dec 27 23:38:05 BDT 2025][FINE] Copied resource D:\code\javafx\windows\demowinfx\target\gluonfx\x86_64-windows\gensrc\windows\assets\icon.ico to D:\code\javafx\windows\demowinfx\target\gluonfx\x86_64-windows\gvm\tmp\tmpMSI\config\icon.ico
[Sat Dec 27 23:38:05 BDT 2025][FINE] Looking for resource: /native/windows/wix/main.wxs
[Sat Dec 27 23:38:05 BDT 2025][FINE] PB Command for Wix Compiler: C:\Program Files (x86)\WiX Toolset v3.14\bin\candle.exe -nologo D:\code\javafx\windows\demowinfx\target\gluonfx\x86_64-windows\gvm\tmp\tmpMSI\config\main.wxs -ext WixUtilExtension -arch x64 -out D:\code\javafx\windows\demowinfx\target\gluonfx\x86_64-windows\gvm\tmp\tmpMSI\config\main.wxs.wixobj -dGSAppVersion=1.0 -dGSProductUpgradeCode=bc3c59da-04b7-3647-a9df-fb4c46e13551 -dGSStartMenuShortcutGUID=7c7a74e6-f11f-3967-994a-3c10de6bd1c0 -dGSAppVendor=Gluon -dGSAppIcon=D:\code\javafx\windows\demowinfx\target\gluonfx\x86_64-windows\gvm\tmp\tmpMSI\config\icon.ico -dGSAppDescription=The HelloGluon app -dGSAppIconName=App.ico -dGSProductCode=f4a95fb7-c7fb-3eb6-a312-1dac76f3d303 -dGSApplicationPath=D:\code\javafx\windows\demowinfx\target\gluonfx\x86_64-windows\App.exe -dGSDesktopShortcutGUID=42f5a80c-6062-3cef-8747-9db972b74488 -dGSAppName=App -dGSMainExecutableGUID=b1b0de85-9213-358f-8771-90afc7f74042
[Sat Dec 27 23:38:05 BDT 2025][FINE] Start process Wix Compiler...
[Sat Dec 27 23:38:06 BDT 2025][FINE] [SUB] main.wxs
[Sat Dec 27 23:38:06 BDT 2025][FINE] Result for Wix Compiler: 0
[Sat Dec 27 23:38:06 BDT 2025][FINE] PB Command for Wix Linker: C:\Program Files (x86)\WiX Toolset v3.14\bin\light.exe -nologo -spdb -sw1076 -ext WixUtilExtension -ext WixUIExtension -out D:\code\javafx\windows\demowinfx\target\gluonfx\x86_64-windows\App-1.0.msi D:\code\javafx\windows\demowinfx\target\gluonfx\x86_64-windows\gvm\tmp\tmpMSI\config\main.wxs.wixobj
[Sat Dec 27 23:38:06 BDT 2025][FINE] Start process Wix Linker...
[Sat Dec 27 23:38:25 BDT 2025][FINE] Result for Wix Linker: 0
[Sat Dec 27 23:38:25 BDT 2025][INFO] MSI created successfully at D:\code\javafx\windows\demowinfx\target\gluonfx\x86_64-windows\App-1.0.msi
